AppInstallDemo/app/build/outputs/logs/manifest-merger-debug-report.txt
-- Merging decision tree log ---
manifest
ADDED from AndroidManifest.xml:2:1
	xmlns:android
		ADDED from AndroidManifest.xml:2:11
	package
		ADDED from AndroidManifest.xml:3:5
		INJECTED from AndroidManifest.xml:0:0
		INJECTED from AndroidManifest.xml:0:0
	android:installLocation
		ADDED from AndroidManifest.xml:4:5
application
ADDED from AndroidManifest.xml:5:5
	android:label
		ADDED from AndroidManifest.xml:7:9
	android:allowBackup
		ADDED from AndroidManifest.xml:8:9
	android:icon
		ADDED from AndroidManifest.xml:6:9
activity#com.thomaskuenneth.appinstalldemo.AppInstallDemoActivity
ADDED from AndroidManifest.xml:9:9
	android:label
		ADDED from AndroidManifest.xml:11:13
	android:name
		ADDED from AndroidManifest.xml:10:13
intent-filter#android.intent.action.MAIN+android.intent.category.LAUNCHER
ADDED from AndroidManifest.xml:12:13
action#android.intent.action.MAIN
ADDED from AndroidManifest.xml:13:17
	android:name
		ADDED from AndroidManifest.xml:13:25
category#android.intent.category.LAUNCHER
ADDED from AndroidManifest.xml:14:17
	android:name
		ADDED from AndroidManifest.xml:14:27
receiver#com.thomaskuenneth.appinstalldemo.ExternalApplicationsAvailableReceiver
ADDED from AndroidManifest.xml:17:3
	android:exported
		ADDED from AndroidManifest.xml:18:9
	android:enabled
		ADDED from AndroidManifest.xml:19:9
	android:name
		ADDED from AndroidManifest.xml:17:13
intent-filter#android.intent.action.EXTERNAL_APPLICATIONS_AVAILABLE
ADDED from AndroidManifest.xml:20:6
action#android.intent.action.EXTERNAL_APPLICATIONS_AVAILABLE
ADDED from AndroidManifest.xml:21:9
	android:name
		ADDED from AndroidManifest.xml:21:17
uses-sdk
INJECTED from AndroidManifest.xml:0:0 reason: use-sdk injection requested
	android:targetSdkVersion
		INJECTED from AndroidManifest.xml:0:0
		INJECTED from AndroidManifest.xml:0:0
	android:minSdkVersion
		INJECTED from AndroidManifest.xml:0:0
		INJECTED from AndroidManifest.xml:0:0